<?xml version="1.0" encoding="UTF-8"?>
<testsuite xmlns:xsi="http://www.w3.org/2001/XMLSchema-instance" xsi:noNamespaceSchemaLocation="https://maven.apache.org/surefire/maven-surefire-plugin/xsd/surefire-test-report-3.0.xsd" version="3.0" name="com.openclassrooms.tourguide.TestRewardsService" time="2.541" tests="3" errors="0" skipped="0" failures="0">
  <properties>
    <property name="java.specification.version" value="17"/>
    <property name="sun.jnu.encoding" value="UTF-8"/>
    <property name="java.class.path" value="/Users/fethikharrat/TourGuide/TourGuide/target/test-classes:/Users/fethikharrat/TourGuide/TourGuide/target/classes:/Users/fethikharrat/.m2/repository/org/springframework/boot/spring-boot-starter-actuator/3.1.1/spring-boot-starter-actuator-3.1.1.jar:/Users/fethikharrat/.m2/repository/org/springframework/boot/spring-boot-starter/3.1.1/spring-boot-starter-3.1.1.jar:/Users/fethikharrat/.m2/repository/org/springframework/boot/spring-boot/3.1.1/spring-boot-3.1.1.jar:/Users/fethikharrat/.m2/repository/org/springframework/boot/spring-boot-autoconfigure/3.1.1/spring-boot-autoconfigure-3.1.1.jar:/Users/fethikharrat/.m2/repository/org/springframework/boot/spring-boot-starter-logging/3.1.1/spring-boot-starter-logging-3.1.1.jar:/Users/fethikharrat/.m2/repository/ch/qos/logback/logback-classic/1.4.8/logback-classic-1.4.8.jar:/Users/fethikharrat/.m2/repository/ch/qos/logback/logback-core/1.4.8/logback-core-1.4.8.jar:/Users/fethikharrat/.m2/repository/org/apache/logging/log4j/log4j-to-slf4j/2.20.0/log4j-to-slf4j-2.20.0.jar:/Users/fethikharrat/.m2/repository/org/apache/logging/log4j/log4j-api/2.20.0/log4j-api-2.20.0.jar:/Users/fethikharrat/.m2/repository/org/slf4j/jul-to-slf4j/2.0.7/jul-to-slf4j-2.0.7.jar:/Users/fethikharrat/.m2/repository/jakarta/annotation/jakarta.annotation-api/2.1.1/jakarta.annotation-api-2.1.1.jar:/Users/fethikharrat/.m2/repository/org/yaml/snakeyaml/1.33/snakeyaml-1.33.jar:/Users/fethikharrat/.m2/repository/org/springframework/boot/spring-boot-actuator-autoconfigure/3.1.1/spring-boot-actuator-autoconfigure-3.1.1.jar:/Users/fethikharrat/.m2/repository/org/springframework/boot/spring-boot-actuator/3.1.1/spring-boot-actuator-3.1.1.jar:/Users/fethikharrat/.m2/repository/com/fasterxml/jackson/core/jackson-databind/2.15.2/jackson-databind-2.15.2.jar:/Users/fethikharrat/.m2/repository/com/fasterxml/jackson/core/jackson-annotations/2.15.2/jackson-annotations-2.15.2.jar:/Users/fethikharrat/.m2/repository/com/fasterxml/jackson/core/jackson-core/2.15.2/jackson-core-2.15.2.jar:/Users/fethikharrat/.m2/repository/com/fasterxml/jackson/datatype/jackson-datatype-jsr310/2.15.2/jackson-datatype-jsr310-2.15.2.jar:/Users/fethikharrat/.m2/repository/io/micrometer/micrometer-observation/1.11.1/micrometer-observation-1.11.1.jar:/Users/fethikharrat/.m2/repository/io/micrometer/micrometer-commons/1.11.1/micrometer-commons-1.11.1.jar:/Users/fethikharrat/.m2/repository/io/micrometer/micrometer-core/1.11.1/micrometer-core-1.11.1.jar:/Users/fethikharrat/.m2/repository/org/hdrhistogram/HdrHistogram/2.1.12/HdrHistogram-2.1.12.jar:/Users/fethikharrat/.m2/repository/org/latencyutils/LatencyUtils/2.0.3/LatencyUtils-2.0.3.jar:/Users/fethikharrat/.m2/repository/org/springframework/boot/spring-boot-starter-validation/3.1.1/spring-boot-starter-validation-3.1.1.jar:/Users/fethikharrat/.m2/repository/org/apache/tomcat/embed/tomcat-embed-el/10.1.10/tomcat-embed-el-10.1.10.jar:/Users/fethikharrat/.m2/repository/org/hibernate/validator/hibernate-validator/8.0.0.Final/hibernate-validator-8.0.0.Final.jar:/Users/fethikharrat/.m2/repository/jakarta/validation/jakarta.validation-api/3.0.2/jakarta.validation-api-3.0.2.jar:/Users/fethikharrat/.m2/repository/org/jboss/logging/jboss-logging/3.5.1.Final/jboss-logging-3.5.1.Final.jar:/Users/fethikharrat/.m2/repository/com/fasterxml/classmate/1.5.1/classmate-1.5.1.jar:/Users/fethikharrat/.m2/repository/org/springframework/boot/spring-boot-starter-web/3.1.1/spring-boot-starter-web-3.1.1.jar:/Users/fethikharrat/.m2/repository/org/springframework/boot/spring-boot-starter-json/3.1.1/spring-boot-starter-json-3.1.1.jar:/Users/fethikharrat/.m2/repository/com/fasterxml/jackson/datatype/jackson-datatype-jdk8/2.15.2/jackson-datatype-jdk8-2.15.2.jar:/Users/fethikharrat/.m2/repository/com/fasterxml/jackson/module/jackson-module-parameter-names/2.15.2/jackson-module-parameter-names-2.15.2.jar:/Users/fethikharrat/.m2/repository/org/springframework/boot/spring-boot-starter-tomcat/3.1.1/spring-boot-starter-tomcat-3.1.1.jar:/Users/fethikharrat/.m2/repository/org/apache/tomcat/embed/tomcat-embed-core/10.1.10/tomcat-embed-core-10.1.10.jar:/Users/fethikharrat/.m2/repository/org/apache/tomcat/embed/tomcat-embed-websocket/10.1.10/tomcat-embed-websocket-10.1.10.jar:/Users/fethikharrat/.m2/repository/org/springframework/spring-web/6.0.10/spring-web-6.0.10.jar:/Users/fethikharrat/.m2/repository/org/springframework/spring-beans/6.0.10/spring-beans-6.0.10.jar:/Users/fethikharrat/.m2/repository/org/springframework/spring-webmvc/6.0.10/spring-webmvc-6.0.10.jar:/Users/fethikharrat/.m2/repository/org/springframework/spring-aop/6.0.10/spring-aop-6.0.10.jar:/Users/fethikharrat/.m2/repository/org/springframework/spring-context/6.0.10/spring-context-6.0.10.jar:/Users/fethikharrat/.m2/repository/org/springframework/spring-expression/6.0.10/spring-expression-6.0.10.jar:/Users/fethikharrat/.m2/repository/org/springframework/boot/spring-boot-starter-test/3.1.1/spring-boot-starter-test-3.1.1.jar:/Users/fethikharrat/.m2/repository/org/springframework/boot/spring-boot-test/3.1.1/spring-boot-test-3.1.1.jar:/Users/fethikharrat/.m2/repository/org/springframework/boot/spring-boot-test-autoconfigure/3.1.1/spring-boot-test-autoconfigure-3.1.1.jar:/Users/fethikharrat/.m2/repository/com/jayway/jsonpath/json-path/2.8.0/json-path-2.8.0.jar:/Users/fethikharrat/.m2/repository/org/slf4j/slf4j-api/2.0.7/slf4j-api-2.0.7.jar:/Users/fethikharrat/.m2/repository/jakarta/xml/bind/jakarta.xml.bind-api/4.0.0/jakarta.xml.bind-api-4.0.0.jar:/Users/fethikharrat/.m2/repository/jakarta/activation/jakarta.activation-api/2.1.2/jakarta.activation-api-2.1.2.jar:/Users/fethikharrat/.m2/repository/net/minidev/json-smart/2.4.11/json-smart-2.4.11.jar:/Users/fethikharrat/.m2/repository/net/minidev/accessors-smart/2.4.11/accessors-smart-2.4.11.jar:/Users/fethikharrat/.m2/repository/org/ow2/asm/asm/9.3/asm-9.3.jar:/Users/fethikharrat/.m2/repository/org/assertj/assertj-core/3.24.2/assertj-core-3.24.2.jar:/Users/fethikharrat/.m2/repository/net/bytebuddy/byte-buddy/1.14.5/byte-buddy-1.14.5.jar:/Users/fethikharrat/.m2/repository/org/hamcrest/hamcrest/2.2/hamcrest-2.2.jar:/Users/fethikharrat/.m2/repository/org/junit/jupiter/junit-jupiter/5.9.3/junit-jupiter-5.9.3.jar:/Users/fethikharrat/.m2/repository/org/junit/jupiter/junit-jupiter-params/5.9.3/junit-jupiter-params-5.9.3.jar:/Users/fethikharrat/.m2/repository/org/junit/jupiter/junit-jupiter-engine/5.9.3/junit-jupiter-engine-5.9.3.jar:/Users/fethikharrat/.m2/repository/org/junit/platform/junit-platform-engine/1.9.3/junit-platform-engine-1.9.3.jar:/Users/fethikharrat/.m2/repository/org/mockito/mockito-core/5.3.1/mockito-core-5.3.1.jar:/Users/fethikharrat/.m2/repository/net/bytebuddy/byte-buddy-agent/1.14.5/byte-buddy-agent-1.14.5.jar:/Users/fethikharrat/.m2/repository/org/objenesis/objenesis/3.3/objenesis-3.3.jar:/Users/fethikharrat/.m2/repository/org/mockito/mockito-junit-jupiter/5.3.1/mockito-junit-jupiter-5.3.1.jar:/Users/fethikharrat/.m2/repository/org/skyscreamer/jsonassert/1.5.1/jsonassert-1.5.1.jar:/Users/fethikharrat/.m2/repository/com/vaadin/external/google/android-json/0.0.20131108.vaadin1/android-json-0.0.20131108.vaadin1.jar:/Users/fethikharrat/.m2/repository/org/springframework/spring-core/6.0.10/spring-core-6.0.10.jar:/Users/fethikharrat/.m2/repository/org/springframework/spring-jcl/6.0.10/spring-jcl-6.0.10.jar:/Users/fethikharrat/.m2/repository/org/springframework/spring-test/6.0.10/spring-test-6.0.10.jar:/Users/fethikharrat/.m2/repository/org/xmlunit/xmlunit-core/2.9.1/xmlunit-core-2.9.1.jar:/Users/fethikharrat/.m2/repository/org/apache/commons/commons-lang3/3.12.0/commons-lang3-3.12.0.jar:/Users/fethikharrat/.m2/repository/org/junit/jupiter/junit-jupiter-api/5.9.3/junit-jupiter-api-5.9.3.jar:/Users/fethikharrat/.m2/repository/org/opentest4j/opentest4j/1.2.0/opentest4j-1.2.0.jar:/Users/fethikharrat/.m2/repository/org/junit/platform/junit-platform-commons/1.9.3/junit-platform-commons-1.9.3.jar:/Users/fethikharrat/.m2/repository/org/apiguardian/apiguardian-api/1.1.2/apiguardian-api-1.1.2.jar:/Users/fethikharrat/.m2/repository/gpsUtil/gpsUtil/1.0.0/gpsUtil-1.0.0.jar:/Users/fethikharrat/.m2/repository/com/google/code/findbugs/jsr305/1.3.9/jsr305-1.3.9.jar:/Users/fethikharrat/.m2/repository/com/google/errorprone/error_prone_annotations/2.0.18/error_prone_annotations-2.0.18.jar:/Users/fethikharrat/.m2/repository/com/google/j2objc/j2objc-annotations/1.1/j2objc-annotations-1.1.jar:/Users/fethikharrat/.m2/repository/org/codehaus/mojo/animal-sniffer-annotations/1.14/animal-sniffer-annotations-1.14.jar:/Users/fethikharrat/.m2/repository/tripPricer/tripPricer/1.0.0/tripPricer-1.0.0.jar:/Users/fethikharrat/.m2/repository/rewardCentral/rewardCentral/1.0.0/rewardCentral-1.0.0.jar:"/>
    <property name="java.vm.vendor" value="Oracle Corporation"/>
    <property name="sun.arch.data.model" value="64"/>
    <property name="java.vendor.url" value="https://java.oracle.com/"/>
    <property name="user.timezone" value="Asia/Makassar"/>
    <property name="os.name" value="Mac OS X"/>
    <property name="java.vm.specification.version" value="17"/>
    <property name="sun.java.launcher" value="SUN_STANDARD"/>
    <property name="user.country" value="FR"/>
    <property name="sun.boot.library.path" value="/Library/Java/JavaVirtualMachines/jdk-17.jdk/Contents/Home/lib"/>
    <property name="sun.java.command" value="/Users/fethikharrat/TourGuide/TourGuide/target/surefire/surefirebooter-20250724174727977_3.jar /Users/fethikharrat/TourGuide/TourGuide/target/surefire 2025-07-24T17-47-27_852-jvmRun1 surefire-20250724174727977_1tmp surefire_0-20250724174727977_2tmp"/>
    <property name="http.nonProxyHosts" value="local|*.local|169.254/16|*.169.254/16"/>
    <property name="jdk.debug" value="release"/>
    <property name="surefire.test.class.path" value="/Users/fethikharrat/TourGuide/TourGuide/target/test-classes:/Users/fethikharrat/TourGuide/TourGuide/target/classes:/Users/fethikharrat/.m2/repository/org/springframework/boot/spring-boot-starter-actuator/3.1.1/spring-boot-starter-actuator-3.1.1.jar:/Users/fethikharrat/.m2/repository/org/springframework/boot/spring-boot-starter/3.1.1/spring-boot-starter-3.1.1.jar:/Users/fethikharrat/.m2/repository/org/springframework/boot/spring-boot/3.1.1/spring-boot-3.1.1.jar:/Users/fethikharrat/.m2/repository/org/springframework/boot/spring-boot-autoconfigure/3.1.1/spring-boot-autoconfigure-3.1.1.jar:/Users/fethikharrat/.m2/repository/org/springframework/boot/spring-boot-starter-logging/3.1.1/spring-boot-starter-logging-3.1.1.jar:/Users/fethikharrat/.m2/repository/ch/qos/logback/logback-classic/1.4.8/logback-classic-1.4.8.jar:/Users/fethikharrat/.m2/repository/ch/qos/logback/logback-core/1.4.8/logback-core-1.4.8.jar:/Users/fethikharrat/.m2/repository/org/apache/logging/log4j/log4j-to-slf4j/2.20.0/log4j-to-slf4j-2.20.0.jar:/Users/fethikharrat/.m2/repository/org/apache/logging/log4j/log4j-api/2.20.0/log4j-api-2.20.0.jar:/Users/fethikharrat/.m2/repository/org/slf4j/jul-to-slf4j/2.0.7/jul-to-slf4j-2.0.7.jar:/Users/fethikharrat/.m2/repository/jakarta/annotation/jakarta.annotation-api/2.1.1/jakarta.annotation-api-2.1.1.jar:/Users/fethikharrat/.m2/repository/org/yaml/snakeyaml/1.33/snakeyaml-1.33.jar:/Users/fethikharrat/.m2/repository/org/springframework/boot/spring-boot-actuator-autoconfigure/3.1.1/spring-boot-actuator-autoconfigure-3.1.1.jar:/Users/fethikharrat/.m2/repository/org/springframework/boot/spring-boot-actuator/3.1.1/spring-boot-actuator-3.1.1.jar:/Users/fethikharrat/.m2/repository/com/fasterxml/jackson/core/jackson-databind/2.15.2/jackson-databind-2.15.2.jar:/Users/fethikharrat/.m2/repository/com/fasterxml/jackson/core/jackson-annotations/2.15.2/jackson-annotations-2.15.2.jar:/Users/fethikharrat/.m2/repository/com/fasterxml/jackson/core/jackson-core/2.15.2/jackson-core-2.15.2.jar:/Users/fethikharrat/.m2/repository/com/fasterxml/jackson/datatype/jackson-datatype-jsr310/2.15.2/jackson-datatype-jsr310-2.15.2.jar:/Users/fethikharrat/.m2/repository/io/micrometer/micrometer-observation/1.11.1/micrometer-observation-1.11.1.jar:/Users/fethikharrat/.m2/repository/io/micrometer/micrometer-commons/1.11.1/micrometer-commons-1.11.1.jar:/Users/fethikharrat/.m2/repository/io/micrometer/micrometer-core/1.11.1/micrometer-core-1.11.1.jar:/Users/fethikharrat/.m2/repository/org/hdrhistogram/HdrHistogram/2.1.12/HdrHistogram-2.1.12.jar:/Users/fethikharrat/.m2/repository/org/latencyutils/LatencyUtils/2.0.3/LatencyUtils-2.0.3.jar:/Users/fethikharrat/.m2/repository/org/springframework/boot/spring-boot-starter-validation/3.1.1/spring-boot-starter-validation-3.1.1.jar:/Users/fethikharrat/.m2/repository/org/apache/tomcat/embed/tomcat-embed-el/10.1.10/tomcat-embed-el-10.1.10.jar:/Users/fethikharrat/.m2/repository/org/hibernate/validator/hibernate-validator/8.0.0.Final/hibernate-validator-8.0.0.Final.jar:/Users/fethikharrat/.m2/repository/jakarta/validation/jakarta.validation-api/3.0.2/jakarta.validation-api-3.0.2.jar:/Users/fethikharrat/.m2/repository/org/jboss/logging/jboss-logging/3.5.1.Final/jboss-logging-3.5.1.Final.jar:/Users/fethikharrat/.m2/repository/com/fasterxml/classmate/1.5.1/classmate-1.5.1.jar:/Users/fethikharrat/.m2/repository/org/springframework/boot/spring-boot-starter-web/3.1.1/spring-boot-starter-web-3.1.1.jar:/Users/fethikharrat/.m2/repository/org/springframework/boot/spring-boot-starter-json/3.1.1/spring-boot-starter-json-3.1.1.jar:/Users/fethikharrat/.m2/repository/com/fasterxml/jackson/datatype/jackson-datatype-jdk8/2.15.2/jackson-datatype-jdk8-2.15.2.jar:/Users/fethikharrat/.m2/repository/com/fasterxml/jackson/module/jackson-module-parameter-names/2.15.2/jackson-module-parameter-names-2.15.2.jar:/Users/fethikharrat/.m2/repository/org/springframework/boot/spring-boot-starter-tomcat/3.1.1/spring-boot-starter-tomcat-3.1.1.jar:/Users/fethikharrat/.m2/repository/org/apache/tomcat/embed/tomcat-embed-core/10.1.10/tomcat-embed-core-10.1.10.jar:/Users/fethikharrat/.m2/repository/org/apache/tomcat/embed/tomcat-embed-websocket/10.1.10/tomcat-embed-websocket-10.1.10.jar:/Users/fethikharrat/.m2/repository/org/springframework/spring-web/6.0.10/spring-web-6.0.10.jar:/Users/fethikharrat/.m2/repository/org/springframework/spring-beans/6.0.10/spring-beans-6.0.10.jar:/Users/fethikharrat/.m2/repository/org/springframework/spring-webmvc/6.0.10/spring-webmvc-6.0.10.jar:/Users/fethikharrat/.m2/repository/org/springframework/spring-aop/6.0.10/spring-aop-6.0.10.jar:/Users/fethikharrat/.m2/repository/org/springframework/spring-context/6.0.10/spring-context-6.0.10.jar:/Users/fethikharrat/.m2/repository/org/springframework/spring-expression/6.0.10/spring-expression-6.0.10.jar:/Users/fethikharrat/.m2/repository/org/springframework/boot/spring-boot-starter-test/3.1.1/spring-boot-starter-test-3.1.1.jar:/Users/fethikharrat/.m2/repository/org/springframework/boot/spring-boot-test/3.1.1/spring-boot-test-3.1.1.jar:/Users/fethikharrat/.m2/repository/org/springframework/boot/spring-boot-test-autoconfigure/3.1.1/spring-boot-test-autoconfigure-3.1.1.jar:/Users/fethikharrat/.m2/repository/com/jayway/jsonpath/json-path/2.8.0/json-path-2.8.0.jar:/Users/fethikharrat/.m2/repository/org/slf4j/slf4j-api/2.0.7/slf4j-api-2.0.7.jar:/Users/fethikharrat/.m2/repository/jakarta/xml/bind/jakarta.xml.bind-api/4.0.0/jakarta.xml.bind-api-4.0.0.jar:/Users/fethikharrat/.m2/repository/jakarta/activation/jakarta.activation-api/2.1.2/jakarta.activation-api-2.1.2.jar:/Users/fethikharrat/.m2/repository/net/minidev/json-smart/2.4.11/json-smart-2.4.11.jar:/Users/fethikharrat/.m2/repository/net/minidev/accessors-smart/2.4.11/accessors-smart-2.4.11.jar:/Users/fethikharrat/.m2/repository/org/ow2/asm/asm/9.3/asm-9.3.jar:/Users/fethikharrat/.m2/repository/org/assertj/assertj-core/3.24.2/assertj-core-3.24.2.jar:/Users/fethikharrat/.m2/repository/net/bytebuddy/byte-buddy/1.14.5/byte-buddy-1.14.5.jar:/Users/fethikharrat/.m2/repository/org/hamcrest/hamcrest/2.2/hamcrest-2.2.jar:/Users/fethikharrat/.m2/repository/org/junit/jupiter/junit-jupiter/5.9.3/junit-jupiter-5.9.3.jar:/Users/fethikharrat/.m2/repository/org/junit/jupiter/junit-jupiter-params/5.9.3/junit-jupiter-params-5.9.3.jar:/Users/fethikharrat/.m2/repository/org/junit/jupiter/junit-jupiter-engine/5.9.3/junit-jupiter-engine-5.9.3.jar:/Users/fethikharrat/.m2/repository/org/junit/platform/junit-platform-engine/1.9.3/junit-platform-engine-1.9.3.jar:/Users/fethikharrat/.m2/repository/org/mockito/mockito-core/5.3.1/mockito-core-5.3.1.jar:/Users/fethikharrat/.m2/repository/net/bytebuddy/byte-buddy-agent/1.14.5/byte-buddy-agent-1.14.5.jar:/Users/fethikharrat/.m2/repository/org/objenesis/objenesis/3.3/objenesis-3.3.jar:/Users/fethikharrat/.m2/repository/org/mockito/mockito-junit-jupiter/5.3.1/mockito-junit-jupiter-5.3.1.jar:/Users/fethikharrat/.m2/repository/org/skyscreamer/jsonassert/1.5.1/jsonassert-1.5.1.jar:/Users/fethikharrat/.m2/repository/com/vaadin/external/google/android-json/0.0.20131108.vaadin1/android-json-0.0.20131108.vaadin1.jar:/Users/fethikharrat/.m2/repository/org/springframework/spring-core/6.0.10/spring-core-6.0.10.jar:/Users/fethikharrat/.m2/repository/org/springframework/spring-jcl/6.0.10/spring-jcl-6.0.10.jar:/Users/fethikharrat/.m2/repository/org/springframework/spring-test/6.0.10/spring-test-6.0.10.jar:/Users/fethikharrat/.m2/repository/org/xmlunit/xmlunit-core/2.9.1/xmlunit-core-2.9.1.jar:/Users/fethikharrat/.m2/repository/org/apache/commons/commons-lang3/3.12.0/commons-lang3-3.12.0.jar:/Users/fethikharrat/.m2/repository/org/junit/jupiter/junit-jupiter-api/5.9.3/junit-jupiter-api-5.9.3.jar:/Users/fethikharrat/.m2/repository/org/opentest4j/opentest4j/1.2.0/opentest4j-1.2.0.jar:/Users/fethikharrat/.m2/repository/org/junit/platform/junit-platform-commons/1.9.3/junit-platform-commons-1.9.3.jar:/Users/fethikharrat/.m2/repository/org/apiguardian/apiguardian-api/1.1.2/apiguardian-api-1.1.2.jar:/Users/fethikharrat/.m2/repository/gpsUtil/gpsUtil/1.0.0/gpsUtil-1.0.0.jar:/Users/fethikharrat/.m2/repository/com/google/code/findbugs/jsr305/1.3.9/jsr305-1.3.9.jar:/Users/fethikharrat/.m2/repository/com/google/errorprone/error_prone_annotations/2.0.18/error_prone_annotations-2.0.18.jar:/Users/fethikharrat/.m2/repository/com/google/j2objc/j2objc-annotations/1.1/j2objc-annotations-1.1.jar:/Users/fethikharrat/.m2/repository/org/codehaus/mojo/animal-sniffer-annotations/1.14/animal-sniffer-annotations-1.14.jar:/Users/fethikharrat/.m2/repository/tripPricer/tripPricer/1.0.0/tripPricer-1.0.0.jar:/Users/fethikharrat/.m2/repository/rewardCentral/rewardCentral/1.0.0/rewardCentral-1.0.0.jar:"/>
    <property name="sun.cpu.endian" value="little"/>
    <property name="user.home" value="/Users/fethikharrat"/>
    <property name="user.language" value="fr"/>
    <property name="java.specification.vendor" value="Oracle Corporation"/>
    <property name="java.version.date" value="2024-07-16"/>
    <property name="java.home" value="/Library/Java/JavaVirtualMachines/jdk-17.jdk/Contents/Home"/>
    <property name="file.separator" value="/"/>
    <property name="basedir" value="/Users/fethikharrat/TourGuide/TourGuide"/>
    <property name="java.vm.compressedOopsMode" value="Zero based"/>
    <property name="line.separator" value="&#10;"/>
    <property name="java.specification.name" value="Java Platform API Specification"/>
    <property name="java.vm.specification.vendor" value="Oracle Corporation"/>
    <property name="surefire.real.class.path" value="/Users/fethikharrat/TourGuide/TourGuide/target/surefire/surefirebooter-20250724174727977_3.jar"/>
    <property name="sun.management.compiler" value="HotSpot 64-Bit Tiered Compilers"/>
    <property name="ftp.nonProxyHosts" value="local|*.local|169.254/16|*.169.254/16"/>
    <property name="java.runtime.version" value="17.0.12+8-LTS-286"/>
    <property name="user.name" value="fethikharrat"/>
    <property name="path.separator" value=":"/>
    <property name="os.version" value="15.4.1"/>
    <property name="java.runtime.name" value="Java(TM) SE Runtime Environment"/>
    <property name="file.encoding" value="UTF-8"/>
    <property name="java.vm.name" value="Java HotSpot(TM) 64-Bit Server VM"/>
    <property name="localRepository" value="/Users/fethikharrat/.m2/repository"/>
    <property name="java.vendor.url.bug" value="https://bugreport.java.com/bugreport/"/>
    <property name="java.io.tmpdir" value="/var/folders/ts/9bprfdr94nqbpbf96twhsk6c0000gn/T/"/>
    <property name="java.version" value="17.0.12"/>
    <property name="user.dir" value="/Users/fethikharrat/TourGuide/TourGuide"/>
    <property name="os.arch" value="x86_64"/>
    <property name="java.vm.specification.name" value="Java Virtual Machine Specification"/>
    <property name="native.encoding" value="UTF-8"/>
    <property name="java.library.path" value="/Users/fethikharrat/Library/Java/Extensions:/Library/Java/Extensions:/Network/Library/Java/Extensions:/System/Library/Java/Extensions:/usr/lib/java:."/>
    <property name="java.vm.info" value="mixed mode, sharing"/>
    <property name="java.vendor" value="Oracle Corporation"/>
    <property name="java.vm.version" value="17.0.12+8-LTS-286"/>
    <property name="sun.io.unicode.encoding" value="UnicodeBig"/>
    <property name="socksNonProxyHosts" value="local|*.local|169.254/16|*.169.254/16"/>
    <property name="java.class.version" value="61.0"/>
  </properties>
  <testcase name="nearAllAttractions" classname="com.openclassrooms.tourguide.TestRewardsService" time="2.048">
    <system-out><![CDATA[17:47:29.200 [main] INFO com.openclassrooms.tourguide.service.TourGuideService -- TestMode enabled
17:47:29.209 [main] INFO com.openclassrooms.tourguide.service.TourGuideService -- Internal users: [internalUser163, internalUser164, internalUser161, internalUser162, internalUser160, internalUser169, internalUser167, internalUser168, internalUser165, internalUser166, internalUser174, internalUser175, internalUser172, internalUser173, internalUser170, internalUser171, internalUser178, internalUser179, internalUser176, internalUser177, internalUser185, internalUser186, internalUser183, internalUser184, internalUser181, internalUser182, internalUser180, internalUser189, internalUser187, internalUser188, internalUser196, internalUser197, internalUser194, internalUser195, internalUser192, internalUser193, internalUser190, internalUser191, internalUser198, internalUser199, internalUser361, internalUser362, internalUser120, internalUser360, internalUser127, internalUser369, internalUser128, internalUser367, internalUser125, internalUser368, internalUser126, internalUser365, internalUser123, internalUser366, internalUser124, internalUser363, internalUser121, internalUser364, internalUser122, internalUser129, internalUser372, internalUser130, internalUser373, internalUser131, internalUser370, internalUser371, internalUser138, internalUser139, internalUser378, internalUser136, internalUser137, internalUser379, internalUser376, internalUser134, internalUser377, internalUser135, internalUser374, internalUser132, internalUser375, internalUser133, internalUser141, internalUser383, internalUser142, internalUser384, internalUser381, internalUser140, internalUser382, internalUser380, internalUser149, internalUser147, internalUser389, internalUser148, internalUser145, internalUser387, internalUser146, internalUser388, internalUser143, internalUser385, internalUser144, internalUser386, internalUser152, internalUser394, internalUser153, internalUser395, internalUser150, internalUser392, internalUser151, internalUser393, internalUser390, internalUser391, internalUser158, internalUser159, internalUser156, internalUser398, internalUser157, internalUser399, internalUser154, internalUser396, internalUser155, internalUser397, internalUser560, internalUser567, internalUser325, internalUser568, internalUser326, internalUser565, internalUser323, internalUser566, internalUser324, internalUser563, internalUser321, internalUser564, internalUser322, internalUser561, internalUser562, internalUser320, internalUser329, internalUser327, internalUser569, internalUser328, internalUser570, internalUser571, internalUser578, internalUser336, internalUser337, internalUser579, internalUser576, internalUser334, internalUser577, internalUser335, internalUser574, internalUser332, internalUser575, internalUser333, internalUser572, internalUser330, internalUser573, internalUser331, internalUser338, internalUser339, internalUser581, internalUser340, internalUser582, internalUser9, internalUser8, internalUser580, internalUser347, internalUser105, internalUser589, internalUser348, internalUser106, internalUser345, internalUser103, internalUser587, internalUser346, internalUser104, internalUser588, internalUser343, internalUser101, internalUser585, internalUser344, internalUser102, internalUser586, internalUser341, internalUser583, internalUser342, internalUser100, internalUser584, internalUser109, internalUser107, internalUser349, internalUser108, internalUser3, internalUser2, internalUser1, internalUser0, internalUser7, internalUser6, internalUser5, internalUser4, internalUser350, internalUser592, internalUser351, internalUser593, internalUser590, internalUser591, internalUser358, internalUser116, internalUser117, internalUser359, internalUser356, internalUser114, internalUser598, internalUser357, internalUser115, internalUser599, internalUser354, internalUser112, internalUser596, internalUser355, internalUser113, internalUser597, internalUser352, internalUser110, internalUser594, internalUser353, internalUser111, internalUser595, internalUser118, internalUser119, internalUser523, internalUser765, internalUser524, internalUser766, internalUser521, internalUser763, internalUser522, internalUser764, internalUser761, internalUser520, internalUser762, internalUser760, internalUser529, internalUser527, internalUser769, internalUser528, internalUser525, internalUser767, internalUser526, internalUser768, internalUser534, internalUser776, internalUser535, internalUser777, internalUser532, internalUser774, internalUser533, internalUser775, internalUser530, internalUser772, internalUser531, internalUser773, internalUser770, internalUser771, internalUser538, internalUser539, internalUser536, internalUser778, internalUser537, internalUser779, internalUser780, internalUser545, internalUser303, internalUser787, internalUser546, internalUser304, internalUser788, internalUser543, internalUser301, internalUser785, internalUser544, internalUser302, internalUser786, internalUser541, internalUser783, internalUser542, internalUser300, internalUser784, internalUser781, internalUser540, internalUser782, internalUser309, internalUser307, internalUser549, internalUser308, internalUser547, internalUser305, internalUser789, internalUser548, internalUser306, internalUser790, internalUser791, internalUser556, internalUser314, internalUser798, internalUser557, internalUser315, internalUser799, internalUser554, internalUser312, internalUser796, internalUser555, internalUser313, internalUser797, internalUser552, internalUser310, internalUser794, internalUser553, internalUser311, internalUser795, internalUser550, internalUser792, internalUser551, internalUser793, internalUser318, internalUser319, internalUser558, internalUser316, internalUser317, internalUser559, internalUser600, internalUser842, internalUser601, internalUser843, internalUser840, internalUser841, internalUser608, internalUser609, internalUser606, internalUser848, internalUser607, internalUser849, internalUser604, internalUser846, internalUser605, internalUser847, internalUser602, internalUser844, internalUser603, internalUser845, internalUser611, internalUser853, internalUser612, internalUser854, internalUser851, internalUser610, internalUser852, internalUser850, internalUser619, internalUser617, internalUser859, internalUser618, internalUser615, internalUser857, internalUser616, internalUser858, internalUser613, internalUser855, internalUser614, internalUser856, internalUser622, internalUser864, internalUser623, internalUser865, internalUser620, internalUser862, internalUser621, internalUser863, internalUser860, internalUser19, internalUser861, internalUser16, internalUser15, internalUser628, internalUser18, internalUser17, internalUser629, internalUser626, internalUser12, internalUser868, internalUser627, internalUser11, internalUser869, internalUser624, internalUser14, internalUser866, internalUser625, internalUser13, internalUser867, internalUser10, internalUser633, internalUser875, internalUser634, internalUser876, internalUser631, internalUser873, internalUser632, internalUser874, internalUser871, internalUser630, internalUser872, internalUser870, internalUser27, internalUser26, internalUser29, internalUser639, internalUser28, internalUser637, internalUser23, internalUser879, internalUser638, internalUser22, internalUser635, internalUser25, internalUser877, internalUser636, internalUser24, internalUser878, internalUser21, internalUser20, internalUser38, internalUser806, internalUser37, internalUser807, internalUser804, internalUser39, internalUser805, internalUser34, internalUser802, internalUser33, internalUser803, internalUser36, internalUser800, internalUser35, internalUser801, internalUser30, internalUser32, internalUser31, internalUser808, internalUser809, internalUser810, internalUser49, internalUser817, internalUser48, internalUser818, internalUser815, internalUser816, internalUser45, internalUser813, internalUser44, internalUser814, internalUser47, internalUser811, internalUser46, internalUser812, internalUser41, internalUser40, internalUser43, internalUser42, internalUser819, internalUser820, internalUser821, internalUser828, internalUser59, internalUser829, internalUser826, internalUser827, internalUser56, internalUser824, internalUser55, internalUser825, internalUser58, internalUser822, internalUser57, internalUser823, internalUser52, internalUser51, internalUser54, internalUser53, internalUser50, internalUser831, internalUser832, internalUser830, internalUser839, internalUser837, internalUser838, internalUser67, internalUser835, internalUser66, internalUser836, internalUser69, internalUser833, internalUser68, internalUser834, internalUser63, internalUser62, internalUser65, internalUser64, internalUser61, internalUser60, internalUser78, internalUser77, internalUser79, internalUser74, internalUser73, internalUser76, internalUser75, internalUser70, internalUser72, internalUser71, internalUser90, internalUser89, internalUser88, internalUser85, internalUser84, internalUser87, internalUser86, internalUser81, internalUser80, internalUser83, internalUser82, internalUser99, internalUser96, internalUser95, internalUser98, internalUser97, internalUser92, internalUser91, internalUser94, internalUser93, internalUser284, internalUser285, internalUser282, internalUser283, internalUser280, internalUser281, internalUser288, internalUser289, internalUser286, internalUser287, internalUser295, internalUser296, internalUser293, internalUser294, internalUser291, internalUser292, internalUser290, internalUser299, internalUser297, internalUser298, internalUser240, internalUser482, internalUser241, internalUser483, internalUser480, internalUser481, internalUser248, internalUser249, internalUser246, internalUser488, internalUser247, internalUser489, internalUser244, internalUser486, internalUser245, internalUser487, internalUser242, internalUser484, internalUser243, internalUser485, internalUser251, internalUser493, internalUser252, internalUser494, internalUser491, internalUser250, internalUser492, internalUser490, internalUser259, internalUser257, internalUser499, internalUser258, internalUser255, internalUser497, internalUser256, internalUser498, internalUser253, internalUser495, internalUser254, internalUser496, internalUser262, internalUser263, internalUser260, internalUser261, internalUser268, internalUser269, internalUser266, internalUser267, internalUser264, internalUser265, internalUser273, internalUser274, internalUser271, internalUser272, internalUser270, internalUser279, internalUser277, internalUser278, internalUser275, internalUser276, internalUser680, internalUser681, internalUser446, internalUser204, internalUser688, internalUser447, internalUser205, internalUser689, internalUser444, internalUser202, internalUser686, internalUser445, internalUser203, internalUser687, internalUser442, internalUser200, internalUser684, internalUser443, internalUser201, internalUser685, internalUser440, internalUser682, internalUser441, internalUser683, internalUser208, internalUser209, internalUser448, internalUser206, internalUser207, internalUser449, internalUser691, internalUser450, internalUser692, internalUser690, internalUser457, internalUser215, internalUser699, internalUser458, internalUser216, internalUser455, internalUser213, internalUser697, internalUser456, internalUser214, internalUser698, internalUser453, internalUser211, internalUser695, internalUser454, internalUser212, internalUser696, internalUser451, internalUser693, internalUser452, internalUser210, internalUser694, internalUser219, internalUser217, internalUser459, internalUser218, internalUser460, internalUser461, internalUser468, internalUser226, internalUser227, internalUser469, internalUser466, internalUser224, internalUser467, internalUser225, internalUser464, internalUser222, internalUser465, internalUser223, internalUser462, internalUser220, internalUser463, internalUser221, internalUser228, internalUser229, internalUser471, internalUser472, internalUser230, internalUser470, internalUser237, internalUser479, internalUser238, internalUser477, internalUser235, internalUser478, internalUser236, internalUser475, internalUser233, internalUser476, internalUser234, internalUser473, internalUser231, internalUser474, internalUser232, internalUser239, internalUser644, internalUser402, internalUser886, internalUser645, internalUser403, internalUser887, internalUser642, internalUser400, internalUser884, internalUser643, internalUser401, internalUser885, internalUser640, internalUser882, internalUser641, internalUser883, internalUser880, internalUser881, internalUser408, internalUser409, internalUser406, internalUser648, internalUser407, internalUser649, internalUser646, internalUser404, internalUser888, internalUser405, internalUser647, internalUser889, internalUser890, internalUser413, internalUser655, internalUser897, internalUser414, internalUser656, internalUser898, internalUser411, internalUser653, internalUser895, internalUser412, internalUser654, internalUser896, internalUser651, internalUser893, internalUser410, internalUser652, internalUser894, internalUser891, internalUser650, internalUser892, internalUser419, internalUser417, internalUser659, internalUser418, internalUser415, internalUser657, internalUser899, internalUser416, internalUser658, internalUser424, internalUser666, internalUser425, internalUser667, internalUser422, internalUser664, internalUser423, internalUser665, internalUser420, internalUser662, internalUser421, internalUser663, internalUser660, internalUser661, internalUser428, internalUser429, internalUser426, internalUser668, internalUser427, internalUser669, internalUser670, internalUser435, internalUser677, internalUser436, internalUser678, internalUser433, internalUser675, internalUser434, internalUser676, internalUser431, internalUser673, internalUser432, internalUser674, internalUser671, internalUser430, internalUser672, internalUser439, internalUser437, internalUser679, internalUser438, internalUser721, internalUser963, internalUser722, internalUser964, internalUser961, internalUser720, internalUser962, internalUser960, internalUser729, internalUser727, internalUser969, internalUser728, internalUser725, internalUser967, internalUser726, internalUser968, internalUser723, internalUser965, internalUser724, internalUser966, internalUser732, internalUser974, internalUser733, internalUser975, internalUser730, internalUser972, internalUser731, internalUser973, internalUser970, internalUser971, internalUser738, internalUser739, internalUser736, internalUser978, internalUser737, internalUser979, internalUser734, internalUser976, internalUser735, internalUser977, internalUser501, internalUser743, internalUser985, internalUser502, internalUser744, internalUser986, internalUser741, internalUser983, internalUser500, internalUser742, internalUser984, internalUser981, internalUser740, internalUser982, internalUser980, internalUser509, internalUser507, internalUser749, internalUser508, internalUser505, internalUser747, internalUser989, internalUser506, internalUser748, internalUser503, internalUser745, internalUser987, internalUser504, internalUser746, internalUser988, internalUser512, internalUser754, internalUser996, internalUser513, internalUser755, internalUser997, internalUser510, internalUser752, internalUser994, internalUser511, internalUser753, internalUser995, internalUser750, internalUser992, internalUser751, internalUser993, internalUser990, internalUser991, internalUser518, internalUser519, internalUser516, internalUser758, internalUser517, internalUser759, internalUser514, internalUser756, internalUser998, internalUser515, internalUser757, internalUser999, internalUser920, internalUser927, internalUser928, internalUser925, internalUser926, internalUser923, internalUser924, internalUser921, internalUser922, internalUser929, internalUser930, internalUser931, internalUser938, internalUser939, internalUser936, internalUser937, internalUser934, internalUser935, internalUser932, internalUser933, internalUser941, internalUser700, internalUser942, internalUser940, internalUser707, internalUser949, internalUser708, internalUser705, internalUser947, internalUser706, internalUser948, internalUser703, internalUser945, internalUser704, internalUser946, internalUser701, internalUser943, internalUser702, internalUser944, internalUser709, internalUser710, internalUser952, internalUser711, internalUser953, internalUser950, internalUser951, internalUser718, internalUser719, internalUser716, internalUser958, internalUser717, internalUser959, internalUser714, internalUser956, internalUser715, internalUser957, internalUser712, internalUser954, internalUser713, internalUser955, internalUser905, internalUser906, internalUser903, internalUser904, internalUser901, internalUser902, internalUser900, internalUser909, internalUser907, internalUser908, internalUser916, internalUser917, internalUser914, internalUser915, internalUser912, internalUser913, internalUser910, internalUser911, internalUser918, internalUser919]
17:47:29.212 [main] INFO com.openclassrooms.tourguide.service.TourGuideService -- ✅ TourGuideService constructor called
]]></system-out>
  </testcase>
  <testcase name="userGetRewards" classname="com.openclassrooms.tourguide.TestRewardsService" time="0.479">
    <system-out><![CDATA[17:47:31.249 [main] INFO com.openclassrooms.tourguide.service.TourGuideService -- TestMode enabled
17:47:31.255 [main] INFO com.openclassrooms.tourguide.service.TourGuideService -- Internal users: [internalUser163, internalUser164, internalUser161, internalUser162, internalUser160, internalUser169, internalUser167, internalUser168, internalUser165, internalUser166, internalUser174, internalUser175, internalUser172, internalUser173, internalUser170, internalUser171, internalUser178, internalUser179, internalUser176, internalUser177, internalUser185, internalUser186, internalUser183, internalUser184, internalUser181, internalUser182, internalUser180, internalUser189, internalUser187, internalUser188, internalUser196, internalUser197, internalUser194, internalUser195, internalUser192, internalUser193, internalUser190, internalUser191, internalUser198, internalUser199, internalUser361, internalUser362, internalUser120, internalUser360, internalUser127, internalUser369, internalUser128, internalUser367, internalUser125, internalUser368, internalUser126, internalUser365, internalUser123, internalUser366, internalUser124, internalUser363, internalUser121, internalUser364, internalUser122, internalUser129, internalUser372, internalUser130, internalUser373, internalUser131, internalUser370, internalUser371, internalUser138, internalUser139, internalUser378, internalUser136, internalUser137, internalUser379, internalUser376, internalUser134, internalUser377, internalUser135, internalUser374, internalUser132, internalUser375, internalUser133, internalUser141, internalUser383, internalUser142, internalUser384, internalUser381, internalUser140, internalUser382, internalUser380, internalUser149, internalUser147, internalUser389, internalUser148, internalUser145, internalUser387, internalUser146, internalUser388, internalUser143, internalUser385, internalUser144, internalUser386, internalUser152, internalUser394, internalUser153, internalUser395, internalUser150, internalUser392, internalUser151, internalUser393, internalUser390, internalUser391, internalUser158, internalUser159, internalUser156, internalUser398, internalUser157, internalUser399, internalUser154, internalUser396, internalUser155, internalUser397, internalUser560, internalUser567, internalUser325, internalUser568, internalUser326, internalUser565, internalUser323, internalUser566, internalUser324, internalUser563, internalUser321, internalUser564, internalUser322, internalUser561, internalUser562, internalUser320, internalUser329, internalUser327, internalUser569, internalUser328, internalUser570, internalUser571, internalUser578, internalUser336, internalUser337, internalUser579, internalUser576, internalUser334, internalUser577, internalUser335, internalUser574, internalUser332, internalUser575, internalUser333, internalUser572, internalUser330, internalUser573, internalUser331, internalUser338, internalUser339, internalUser581, internalUser340, internalUser582, internalUser9, internalUser8, internalUser580, internalUser347, internalUser105, internalUser589, internalUser348, internalUser106, internalUser345, internalUser103, internalUser587, internalUser346, internalUser104, internalUser588, internalUser343, internalUser101, internalUser585, internalUser344, internalUser102, internalUser586, internalUser341, internalUser583, internalUser342, internalUser100, internalUser584, internalUser109, internalUser107, internalUser349, internalUser108, internalUser3, internalUser2, internalUser1, internalUser0, internalUser7, internalUser6, internalUser5, internalUser4, internalUser350, internalUser592, internalUser351, internalUser593, internalUser590, internalUser591, internalUser358, internalUser116, internalUser117, internalUser359, internalUser356, internalUser114, internalUser598, internalUser357, internalUser115, internalUser599, internalUser354, internalUser112, internalUser596, internalUser355, internalUser113, internalUser597, internalUser352, internalUser110, internalUser594, internalUser353, internalUser111, internalUser595, internalUser118, internalUser119, internalUser523, internalUser765, internalUser524, internalUser766, internalUser521, internalUser763, internalUser522, internalUser764, internalUser761, internalUser520, internalUser762, internalUser760, internalUser529, internalUser527, internalUser769, internalUser528, internalUser525, internalUser767, internalUser526, internalUser768, internalUser534, internalUser776, internalUser535, internalUser777, internalUser532, internalUser774, internalUser533, internalUser775, internalUser530, internalUser772, internalUser531, internalUser773, internalUser770, internalUser771, internalUser538, internalUser539, internalUser536, internalUser778, internalUser537, internalUser779, internalUser780, internalUser545, internalUser303, internalUser787, internalUser546, internalUser304, internalUser788, internalUser543, internalUser301, internalUser785, internalUser544, internalUser302, internalUser786, internalUser541, internalUser783, internalUser542, internalUser300, internalUser784, internalUser781, internalUser540, internalUser782, internalUser309, internalUser307, internalUser549, internalUser308, internalUser547, internalUser305, internalUser789, internalUser548, internalUser306, internalUser790, internalUser791, internalUser556, internalUser314, internalUser798, internalUser557, internalUser315, internalUser799, internalUser554, internalUser312, internalUser796, internalUser555, internalUser313, internalUser797, internalUser552, internalUser310, internalUser794, internalUser553, internalUser311, internalUser795, internalUser550, internalUser792, internalUser551, internalUser793, internalUser318, internalUser319, internalUser558, internalUser316, internalUser317, internalUser559, internalUser600, internalUser842, internalUser601, internalUser843, internalUser840, internalUser841, internalUser608, internalUser609, internalUser606, internalUser848, internalUser607, internalUser849, internalUser604, internalUser846, internalUser605, internalUser847, internalUser602, internalUser844, internalUser603, internalUser845, internalUser611, internalUser853, internalUser612, internalUser854, internalUser851, internalUser610, internalUser852, internalUser850, internalUser619, internalUser617, internalUser859, internalUser618, internalUser615, internalUser857, internalUser616, internalUser858, internalUser613, internalUser855, internalUser614, internalUser856, internalUser622, internalUser864, internalUser623, internalUser865, internalUser620, internalUser862, internalUser621, internalUser863, internalUser860, internalUser19, internalUser861, internalUser16, internalUser15, internalUser628, internalUser18, internalUser17, internalUser629, internalUser626, internalUser12, internalUser868, internalUser627, internalUser11, internalUser869, internalUser624, internalUser14, internalUser866, internalUser625, internalUser13, internalUser867, internalUser10, internalUser633, internalUser875, internalUser634, internalUser876, internalUser631, internalUser873, internalUser632, internalUser874, internalUser871, internalUser630, internalUser872, internalUser870, internalUser27, internalUser26, internalUser29, internalUser639, internalUser28, internalUser637, internalUser23, internalUser879, internalUser638, internalUser22, internalUser635, internalUser25, internalUser877, internalUser636, internalUser24, internalUser878, internalUser21, internalUser20, internalUser38, internalUser806, internalUser37, internalUser807, internalUser804, internalUser39, internalUser805, internalUser34, internalUser802, internalUser33, internalUser803, internalUser36, internalUser800, internalUser35, internalUser801, internalUser30, internalUser32, internalUser31, internalUser808, internalUser809, internalUser810, internalUser49, internalUser817, internalUser48, internalUser818, internalUser815, internalUser816, internalUser45, internalUser813, internalUser44, internalUser814, internalUser47, internalUser811, internalUser46, internalUser812, internalUser41, internalUser40, internalUser43, internalUser42, internalUser819, internalUser820, internalUser821, internalUser828, internalUser59, internalUser829, internalUser826, internalUser827, internalUser56, internalUser824, internalUser55, internalUser825, internalUser58, internalUser822, internalUser57, internalUser823, internalUser52, internalUser51, internalUser54, internalUser53, internalUser50, internalUser831, internalUser832, internalUser830, internalUser839, internalUser837, internalUser838, internalUser67, internalUser835, internalUser66, internalUser836, internalUser69, internalUser833, internalUser68, internalUser834, internalUser63, internalUser62, internalUser65, internalUser64, internalUser61, internalUser60, internalUser78, internalUser77, internalUser79, internalUser74, internalUser73, internalUser76, internalUser75, internalUser70, internalUser72, internalUser71, internalUser90, internalUser89, internalUser88, internalUser85, internalUser84, internalUser87, internalUser86, internalUser81, internalUser80, internalUser83, internalUser82, internalUser99, internalUser96, internalUser95, internalUser98, internalUser97, internalUser92, internalUser91, internalUser94, internalUser93, internalUser284, internalUser285, internalUser282, internalUser283, internalUser280, internalUser281, internalUser288, internalUser289, internalUser286, internalUser287, internalUser295, internalUser296, internalUser293, internalUser294, internalUser291, internalUser292, internalUser290, internalUser299, internalUser297, internalUser298, internalUser240, internalUser482, internalUser241, internalUser483, internalUser480, internalUser481, internalUser248, internalUser249, internalUser246, internalUser488, internalUser247, internalUser489, internalUser244, internalUser486, internalUser245, internalUser487, internalUser242, internalUser484, internalUser243, internalUser485, internalUser251, internalUser493, internalUser252, internalUser494, internalUser491, internalUser250, internalUser492, internalUser490, internalUser259, internalUser257, internalUser499, internalUser258, internalUser255, internalUser497, internalUser256, internalUser498, internalUser253, internalUser495, internalUser254, internalUser496, internalUser262, internalUser263, internalUser260, internalUser261, internalUser268, internalUser269, internalUser266, internalUser267, internalUser264, internalUser265, internalUser273, internalUser274, internalUser271, internalUser272, internalUser270, internalUser279, internalUser277, internalUser278, internalUser275, internalUser276, internalUser680, internalUser681, internalUser446, internalUser204, internalUser688, internalUser447, internalUser205, internalUser689, internalUser444, internalUser202, internalUser686, internalUser445, internalUser203, internalUser687, internalUser442, internalUser200, internalUser684, internalUser443, internalUser201, internalUser685, internalUser440, internalUser682, internalUser441, internalUser683, internalUser208, internalUser209, internalUser448, internalUser206, internalUser207, internalUser449, internalUser691, internalUser450, internalUser692, internalUser690, internalUser457, internalUser215, internalUser699, internalUser458, internalUser216, internalUser455, internalUser213, internalUser697, internalUser456, internalUser214, internalUser698, internalUser453, internalUser211, internalUser695, internalUser454, internalUser212, internalUser696, internalUser451, internalUser693, internalUser452, internalUser210, internalUser694, internalUser219, internalUser217, internalUser459, internalUser218, internalUser460, internalUser461, internalUser468, internalUser226, internalUser227, internalUser469, internalUser466, internalUser224, internalUser467, internalUser225, internalUser464, internalUser222, internalUser465, internalUser223, internalUser462, internalUser220, internalUser463, internalUser221, internalUser228, internalUser229, internalUser471, internalUser472, internalUser230, internalUser470, internalUser237, internalUser479, internalUser238, internalUser477, internalUser235, internalUser478, internalUser236, internalUser475, internalUser233, internalUser476, internalUser234, internalUser473, internalUser231, internalUser474, internalUser232, internalUser239, internalUser644, internalUser402, internalUser886, internalUser645, internalUser403, internalUser887, internalUser642, internalUser400, internalUser884, internalUser643, internalUser401, internalUser885, internalUser640, internalUser882, internalUser641, internalUser883, internalUser880, internalUser881, internalUser408, internalUser409, internalUser406, internalUser648, internalUser407, internalUser649, internalUser646, internalUser404, internalUser888, internalUser405, internalUser647, internalUser889, internalUser890, internalUser413, internalUser655, internalUser897, internalUser414, internalUser656, internalUser898, internalUser411, internalUser653, internalUser895, internalUser412, internalUser654, internalUser896, internalUser651, internalUser893, internalUser410, internalUser652, internalUser894, internalUser891, internalUser650, internalUser892, internalUser419, internalUser417, internalUser659, internalUser418, internalUser415, internalUser657, internalUser899, internalUser416, internalUser658, internalUser424, internalUser666, internalUser425, internalUser667, internalUser422, internalUser664, internalUser423, internalUser665, internalUser420, internalUser662, internalUser421, internalUser663, internalUser660, internalUser661, internalUser428, internalUser429, internalUser426, internalUser668, internalUser427, internalUser669, internalUser670, internalUser435, internalUser677, internalUser436, internalUser678, internalUser433, internalUser675, internalUser434, internalUser676, internalUser431, internalUser673, internalUser432, internalUser674, internalUser671, internalUser430, internalUser672, internalUser439, internalUser437, internalUser679, internalUser438, internalUser721, internalUser963, internalUser722, internalUser964, internalUser961, internalUser720, internalUser962, internalUser960, internalUser729, internalUser727, internalUser969, internalUser728, internalUser725, internalUser967, internalUser726, internalUser968, internalUser723, internalUser965, internalUser724, internalUser966, internalUser732, internalUser974, internalUser733, internalUser975, internalUser730, internalUser972, internalUser731, internalUser973, internalUser970, internalUser971, internalUser738, internalUser739, internalUser736, internalUser978, internalUser737, internalUser979, internalUser734, internalUser976, internalUser735, internalUser977, internalUser501, internalUser743, internalUser985, internalUser502, internalUser744, internalUser986, internalUser741, internalUser983, internalUser500, internalUser742, internalUser984, internalUser981, internalUser740, internalUser982, internalUser980, internalUser509, internalUser507, internalUser749, internalUser508, internalUser505, internalUser747, internalUser989, internalUser506, internalUser748, internalUser503, internalUser745, internalUser987, internalUser504, internalUser746, internalUser988, internalUser512, internalUser754, internalUser996, internalUser513, internalUser755, internalUser997, internalUser510, internalUser752, internalUser994, internalUser511, internalUser753, internalUser995, internalUser750, internalUser992, internalUser751, internalUser993, internalUser990, internalUser991, internalUser518, internalUser519, internalUser516, internalUser758, internalUser517, internalUser759, internalUser514, internalUser756, internalUser998, internalUser515, internalUser757, internalUser999, internalUser920, internalUser927, internalUser928, internalUser925, internalUser926, internalUser923, internalUser924, internalUser921, internalUser922, internalUser929, internalUser930, internalUser931, internalUser938, internalUser939, internalUser936, internalUser937, internalUser934, internalUser935, internalUser932, internalUser933, internalUser941, internalUser700, internalUser942, internalUser940, internalUser707, internalUser949, internalUser708, internalUser705, internalUser947, internalUser706, internalUser948, internalUser703, internalUser945, internalUser704, internalUser946, internalUser701, internalUser943, internalUser702, internalUser944, internalUser709, internalUser710, internalUser952, internalUser711, internalUser953, internalUser950, internalUser951, internalUser718, internalUser719, internalUser716, internalUser958, internalUser717, internalUser959, internalUser714, internalUser956, internalUser715, internalUser957, internalUser712, internalUser954, internalUser713, internalUser955, internalUser905, internalUser906, internalUser903, internalUser904, internalUser901, internalUser902, internalUser900, internalUser909, internalUser907, internalUser908, internalUser916, internalUser917, internalUser914, internalUser915, internalUser912, internalUser913, internalUser910, internalUser911, internalUser918, internalUser919]
17:47:31.258 [main] INFO com.openclassrooms.tourguide.service.TourGuideService -- ✅ TourGuideService constructor called
]]></system-out>
  </testcase>
  <testcase name="isWithinAttractionProximity" classname="com.openclassrooms.tourguide.TestRewardsService" time="0.011"/>
</testsuite>